Philosopher 0 is thinking...
Philosopher 2 is thinking...
Philosopher 1 is thinking...
Philosopher 3 is thinking...
Philosopher 4 is thinking...
Philosopher Philosopher 2 picks up Chopstick Chopstick 2
Philosopher Philosopher 2 picks up Chopstick Chopstick 3
Philosopher 2 is eating...
Philosopher Philosopher 4 picks up Chopstick Chopstick 4
Philosopher Philosopher 4 picks up Chopstick Chopstick 0
Philosopher 4 is eating...
Philosopher Philosopher 4 puts down Chopstick RIGHT Chopstick 0
Philosopher Philosopher 4 puts down Chopstick LEFT Chopstick 4
Philosopher 4 is thinking...
Philosopher Philosopher 2 puts down Chopstick RIGHT Chopstick 3
Philosopher Philosopher 2 puts down Chopstick LEFT Chopstick 2
Philosopher 2 is thinking...
Philosopher Philosopher 1 picks up Chopstick Chopstick 1
Philosopher Philosopher 1 picks up Chopstick Chopstick 2
Philosopher 1 is eating...
Philosopher 2 is thinking...
Philosopher Philosopher 3 picks up Chopstick Chopstick 3
Philosopher Philosopher 3 picks up Chopstick Chopstick 4
Philosopher 3 is eating...
Philosopher Philosopher 0 picks up Chopstick Chopstick 0
Philosopher Philosopher 0 puts down Chopstick LEFT Chopstick 0
Philosopher 0 is thinking...
Philosopher Philosopher 1 puts down Chopstick RIGHT Chopstick 2
Philosopher Philosopher 1 puts down Chopstick LEFT Chopstick 1
Philosopher 1 is thinking...
Philosopher Philosopher 3 puts down Chopstick RIGHT Chopstick 4
Philosopher Philosopher 3 puts down Chopstick LEFT Chopstick 3
Philosopher 3 is thinking...
Philosopher Philosopher 4 picks up Chopstick Chopstick 4
Philosopher Philosopher 4 picks up Chopstick Chopstick 0
Philosopher 4 is eating...
Philosopher Philosopher 2 picks up Chopstick Chopstick 2
Philosopher Philosopher 2 picks up Chopstick Chopstick 3
Philosopher 2 is eating...
Philosopher Philosopher 4 puts down Chopstick RIGHT Chopstick 0
Philosopher Philosopher 4 puts down Chopstick LEFT Chopstick 4
Philosopher 4 is thinking...
Philosopher Philosopher 0 picks up Chopstick Chopstick 0
Philosopher Philosopher 0 picks up Chopstick Chopstick 1
Philosopher 0 is eating...
Philosopher 3 is thinking...
Philosopher 1 is thinking...
Philosopher Philosopher 2 puts down Chopstick RIGHT Chopstick 3
Philosopher Philosopher 2 puts down Chopstick LEFT Chopstick 2
Philosopher 2 is thinking...
Philosopher 1 is thinking...
Philosopher Philosopher 2 picks up Chopstick Chopstick 2
Philosopher Philosopher 2 picks up Chopstick Chopstick 3
Philosopher 2 is eating...
Philosopher Philosopher 0 puts down Chopstick RIGHT Chopstick 1
Philosopher Philosopher 0 puts down Chopstick LEFT Chopstick 0
Philosopher 0 is thinking...
Philosopher Philosopher 0 picks up Chopstick Chopstick 0
Philosopher Philosopher 0 picks up Chopstick Chopstick 1
Philosopher 0 is eating...
Philosopher Philosopher 4 picks up Chopstick Chopstick 4
Philosopher Philosopher 4 puts down Chopstick LEFT Chopstick 4
Philosopher 4 is thinking...
Philosopher Philosopher 0 puts down Chopstick RIGHT Chopstick 1
Philosopher Philosopher 0 puts down Chopstick LEFT Chopstick 0
Philosopher 0 is thinking...
Philosopher Philosopher 0 picks up Chopstick Chopstick 0
Philosopher Philosopher 0 picks up Chopstick Chopstick 1
Philosopher 0 is eating...
Philosopher 1 is thinking...
Philosopher Philosopher 4 picks up Chopstick Chopstick 4
Philosopher Philosopher 4 puts down Chopstick LEFT Chopstick 4
Philosopher 4 is thinking...
Philosopher 3 is thinking...
Philosopher Philosopher 2 puts down Chopstick RIGHT Chopstick 3
Philosopher Philosopher 2 puts down Chopstick LEFT Chopstick 2
Philosopher 2 is thinking...
Philosopher 1 is thinking...
Philosopher Philosopher 4 picks up Chopstick Chopstick 4
Philosopher Philosopher 4 puts down Chopstick LEFT Chopstick 4
Philosopher 4 is thinking...
Philosopher Philosopher 3 picks up Chopstick Chopstick 3
Philosopher Philosopher 3 picks up Chopstick Chopstick 4
Philosopher 3 is eating...
Philosopher Philosopher 2 picks up Chopstick Chopstick 2
Philosopher Philosopher 2 puts down Chopstick LEFT Chopstick 2
Philosopher 2 is thinking...
Philosopher 1 is thinking...
Philosopher Philosopher 0 puts down Chopstick RIGHT Chopstick 1
Philosopher Philosopher 0 puts down Chopstick LEFT Chopstick 0
Philosopher 0 is thinking...
Philosopher Philosopher 3 puts down Chopstick RIGHT Chopstick 4
Philosopher Philosopher 3 puts down Chopstick LEFT Chopstick 3
Philosopher 3 is thinking...
Philosopher Philosopher 4 picks up Chopstick Chopstick 4
Philosopher Philosopher 4 picks up Chopstick Chopstick 0
Philosopher 4 is eating...
Philosopher Philosopher 2 picks up Chopstick Chopstick 2
Philosopher Philosopher 2 picks up Chopstick Chopstick 3
Philosopher 2 is eating...
Philosopher Philosopher 1 picks up Chopstick Chopstick 1
Philosopher Philosopher 1 puts down Chopstick LEFT Chopstick 1
Philosopher 1 is thinking...
Philosopher 3 is thinking...
Philosopher Philosopher 4 puts down Chopstick RIGHT Chopstick 0
Philosopher Philosopher 4 puts down Chopstick LEFT Chopstick 4
Philosopher 4 is thinking...
Philosopher Philosopher 0 picks up Chopstick Chopstick 0
Philosopher Philosopher 0 picks up Chopstick Chopstick 1
Philosopher 0 is eating...
Philosopher Philosopher 4 picks up Chopstick Chopstick 4
Philosopher Philosopher 4 puts down Chopstick LEFT Chopstick 4
Philosopher 4 is thinking...
Philosopher 3 is thinking...
Philosopher Philosopher 4 picks up Chopstick Chopstick 4
Philosopher Philosopher 4 puts down Chopstick LEFT Chopstick 4
Philosopher 4 is thinking...
Philosopher 1 is thinking...
Philosopher Philosopher 2 puts down Chopstick RIGHT Chopstick 3
Philosopher Philosopher 2 puts down Chopstick LEFT Chopstick 2
Philosopher 2 is thinking...
Philosopher Philosopher 3 picks up Chopstick Chopstick 3
Philosopher Philosopher 3 picks up Chopstick Chopstick 4
Philosopher 3 is eating...
Philosopher Philosopher 2 picks up Chopstick Chopstick 2
Philosopher Philosopher 2 puts down Chopstick LEFT Chopstick 2
Philosopher 2 is thinking...
Philosopher Philosopher 0 puts down Chopstick RIGHT Chopstick 1
Philosopher Philosopher 0 puts down Chopstick LEFT Chopstick 0
Philosopher 0 is thinking...
Philosopher 4 is thinking...
Philosopher Philosopher 3 puts down Chopstick RIGHT Chopstick 4
Philosopher Philosopher 3 puts down Chopstick LEFT Chopstick 3
Philosopher 3 is thinking...
Philosopher Philosopher 1 picks up Chopstick Chopstick 1
Philosopher Philosopher 1 picks up Chopstick Chopstick 2
Philosopher 1 is eating...
Philosopher Philosopher 0 picks up Chopstick Chopstick 0
Philosopher Philosopher 0 puts down Chopstick LEFT Chopstick 0
Philosopher 0 is thinking...
Philosopher Philosopher 4 picks up Chopstick Chopstick 4
Philosopher Philosopher 4 picks up Chopstick Chopstick 0
Philosopher 4 is eating...
Philosopher Philosopher 1 puts down Chopstick RIGHT Chopstick 2
Philosopher Philosopher 1 puts down Chopstick LEFT Chopstick 1
Philosopher Philosopher 3 picks up Chopstick Chopstick 3
Philosopher Philosopher 3 puts down Chopstick LEFT Chopstick 3
Philosopher Philosopher 2 picks up Chopstick Chopstick 2
Philosopher Philosopher 2 picks up Chopstick Chopstick 3
Philosopher 2 is eating...
Philosopher Philosopher 4 puts down Chopstick RIGHT Chopstick 0
Philosopher Philosopher 4 puts down Chopstick LEFT Chopstick 4
Philosopher Philosopher 2 puts down Chopstick RIGHT Chopstick 3
Philosopher Philosopher 2 puts down Chopstick LEFT Chopstick 2
Philosopher 0 eat # 4 times
Philosopher 1 eat # 2 times
Philosopher 2 eat # 5 times
Philosopher 3 eat # 3 times
Philosopher 4 eat # 4 times